###############################################################
#  Generated by:      Cadence Innovus 20.10-p004_1
#  OS:                Linux x86_64(Host ID localhost.localdomain)
#  Generated on:      Tue Dec 17 15:04:36 2024
#  Design:            r29_int4
#  Command:           report_timing -from top_in_reg_reg_0_ -unconstrained > $outfile/timing_unconstrained.rpt
###############################################################
Path 1:Endpoint:   counter_inst_12__u_counter_asyn/reg_gen_0__u_dreg/d_reg_reg/CLK (v) (unconstrained output)
Beginpoint: top_in_reg_reg_0_/Q                                             (^) triggered by  leading edge of 'clk'
Arrival Time                   0.8887
Analysis View: typic
     + Clock Network Latency (Prop)  0.0144
     = Beginpoint Arrival Time       0.0144
     +-----------------------------------------------------------------------------------------------------------------------------------------------------+ 
     |                      Instance                      |  Cell   |     Arc      |  Delay |  Incr  | Arrival |  Slew  |  Load  | Fanout |    Instance    | 
     |                                                    |         |              |        |  Delay |  Time   |        |        |        |    Location    | 
     |----------------------------------------------------+---------+--------------+--------+--------+---------+--------+--------+--------+----------------| 
     | top_in_reg_reg_0_                                  |         | CLK ^        |        |        |  0.0144 | 0.0788 | 0.0313 |      8 | (49.26, 40.52) | 
     | top_in_reg_reg_0_                                  | DFFSR   | CLK ^ -> Q ^ | 0.1500 | 0.0037 |  0.1644 | 0.0443 | 0.0088 |      4 | (49.26, 40.52) | 
     | U674                                               | AND2X1  | B ^ -> Y ^   | 0.0634 | 0.0027 |  0.2278 | 0.0609 | 0.0090 |      3 | (50.97, 42.99) | 
     | U673                                               | INVX1   | A ^ -> Y v   | 0.0357 | 0.0000 |  0.2635 | 0.0168 | 0.0050 |      2 | (51.92, 47.93) | 
     | U656                                               | AND2X2  | A v -> Y v   | 0.0447 | 0.0007 |  0.3082 | 0.0097 | 0.0032 |      1 | (51.92, 45.46) | 
     | U657                                               | INVX1   | A v -> Y ^   | 0.0205 | 0.0000 |  0.3287 | 0.0030 | 0.0038 |      1 | (55.15, 42.99) | 
     | U726                                               | AOI22X1 | D ^ -> Y v   | 0.0450 | 0.0020 |  0.3737 | 0.0561 | 0.0118 |      3 | (52.87, 42.99) | 
     | U733                                               | OR2X2   | B v -> Y v   | 0.0572 | 0.0004 |  0.4309 | 0.0148 | 0.0037 |      1 | (58.38, 42.99) | 
     | U734                                               | AOI22X1 | D v -> Y ^   | 0.0651 | 0.0000 |  0.4960 | 0.0842 | 0.0119 |      3 | (58.57, 45.46) | 
     | U599                                               | XOR2X1  | A ^ -> Y ^   | 0.0840 | 0.0000 |  0.5800 | 0.1010 | 0.0150 |      5 | (57.24, 50.40) | 
     | U738                                               | INVX1   | A ^ -> Y v   | 0.0713 | 0.0010 |  0.6513 | 0.0421 | 0.0166 |      5 | (57.62, 52.87) | 
     | U710                                               | AND2X2  | A v -> Y v   | 0.0436 | 0.0000 |  0.6949 | 0.0083 | 0.0017 |      1 | (51.73, 50.40) | 
     | U711                                               | INVX1   | A v -> Y ^   | 0.0303 | 0.0000 |  0.7252 | 0.0057 | 0.0068 |      2 | (52.68, 50.40) | 
     | U610                                               | OR2X2   | A ^ -> Y ^   | 0.0442 | 0.0020 |  0.7694 | 0.0145 | 0.0028 |      1 | (54.20, 50.40) | 
     | U665                                               | INVX1   | A ^ -> Y v   | 0.0339 | 0.0000 |  0.8033 | 0.0191 | 0.0055 |      2 | (50.78, 52.87) | 
     | U642                                               | AND2X2  | A v -> Y v   | 0.0440 | 0.0004 |  0.8473 | 0.0092 | 0.0028 |      1 | (49.83, 57.81) | 
     | U643                                               | INVX1   | A v -> Y ^   | 0.0154 | 0.0000 |  0.8627 | 0.0030 | 0.0022 |      1 | (49.07, 60.28) | 
     | U1247                                              | OAI21X1 | C ^ -> Y v   | 0.0259 | 0.0002 |  0.8886 | 0.0101 | 0.0028 |      1 | (48.12, 60.28) | 
     | counter_inst_12__u_counter_asyn/reg_gen_0__u_dreg/ | DFFSR   | CLK v        | 0.0001 | 0.0000 |  0.8887 | 0.0101 | 0.0028 |        | (45.65, 65.22) | 
     | d_reg_reg                                          |         |              |        |        |         |        |        |        |                | 
     +-----------------------------------------------------------------------------------------------------------------------------------------------------+ 

