 
****************************************
Report : constraint
        -all_violators
Design : int_pe
Version: T-2022.03-SP2
Date   : Tue Dec 17 18:51:51 2024
****************************************


   max_capacitance

                             Required        Actual
   Net                      Capacitance    Capacitance       Slack
   -----------------------------------------------------------------
   accumulator_reg[0]       0.000000       0.001539       -0.001539 (VIOLATED)
   accumulator_reg[1]       0.000000       0.001539       -0.001539 (VIOLATED)
   accumulator_reg[2]       0.000000       0.001539       -0.001539 (VIOLATED)
   accumulator_reg[3]       0.000000       0.001539       -0.001539 (VIOLATED)
   accumulator_reg[4]       0.000000       0.001539       -0.001539 (VIOLATED)
   accumulator_reg[5]       0.000000       0.001539       -0.001539 (VIOLATED)
   accumulator_reg[6]       0.000000       0.001539       -0.001539 (VIOLATED)
   accumulator_reg[7]       0.000000       0.001539       -0.001539 (VIOLATED)
   accumulator_reg[8]       0.000000       0.001539       -0.001539 (VIOLATED)
   accumulator_reg[9]       0.000000       0.001539       -0.001539 (VIOLATED)
   accumulator_reg[10]      0.000000       0.001539       -0.001539 (VIOLATED)
   accumulator_reg[11]      0.000000       0.001539       -0.001539 (VIOLATED)
   accumulator_reg[12]      0.000000       0.001539       -0.001539 (VIOLATED)
   accumulator_reg[13]      0.000000       0.001539       -0.001539 (VIOLATED)
   accumulator_reg[14]      0.000000       0.001539       -0.001539 (VIOLATED)
   accumulator_reg[15]      0.000000       0.001539       -0.001539 (VIOLATED)
   accumulator_reg[16]      0.000000       0.001539       -0.001539 (VIOLATED)
   accumulator_reg[17]      0.000000       0.001539       -0.001539 (VIOLATED)
   accumulator_reg[18]      0.000000       0.001539       -0.001539 (VIOLATED)
   accumulator_reg[19]      0.000000       0.001539       -0.001539 (VIOLATED)
   accumulator_reg[20]      0.000000       0.001539       -0.001539 (VIOLATED)
   accumulator_reg[21]      0.000000       0.001539       -0.001539 (VIOLATED)
   accumulator_reg[22]      0.000000       0.001539       -0.001539 (VIOLATED)
   accumulator_reg[23]      0.000000       0.001539       -0.001539 (VIOLATED)
   n195                     0.000000       0.001539       -0.001539 (VIOLATED)
   n220                     0.000000       0.001539       -0.001539 (VIOLATED)
   n239                     0.000000       0.001539       -0.001539 (VIOLATED)
   n246                     0.000000       0.001539       -0.001539 (VIOLATED)
   n264                     0.000000       0.001539       -0.001539 (VIOLATED)
   n265                     0.000000       0.001539       -0.001539 (VIOLATED)
   n271                     0.000000       0.001539       -0.001539 (VIOLATED)
   n277                     0.000000       0.001539       -0.001539 (VIOLATED)
   n286                     0.000000       0.001539       -0.001539 (VIOLATED)
   n291                     0.000000       0.001539       -0.001539 (VIOLATED)
   n304                     0.000000       0.001539       -0.001539 (VIOLATED)
   n312                     0.000000       0.001539       -0.001539 (VIOLATED)
   n320                     0.000000       0.001539       -0.001539 (VIOLATED)
   n328                     0.000000       0.001539       -0.001539 (VIOLATED)
   n334                     0.000000       0.001539       -0.001539 (VIOLATED)
   n343                     0.000000       0.001539       -0.001539 (VIOLATED)
   n357                     0.000000       0.001539       -0.001539 (VIOLATED)
   n362                     0.000000       0.001539       -0.001539 (VIOLATED)
   n385                     0.000000       0.001539       -0.001539 (VIOLATED)
   n405                     0.000000       0.001539       -0.001539 (VIOLATED)
   n406                     0.000000       0.001539       -0.001539 (VIOLATED)
   n407                     0.000000       0.001539       -0.001539 (VIOLATED)
   n408                     0.000000       0.001539       -0.001539 (VIOLATED)
   top_in_reg[0]            0.000000       0.001539       -0.001539 (VIOLATED)
   top_in_reg[1]            0.000000       0.001539       -0.001539 (VIOLATED)
   top_in_reg[2]            0.000000       0.001539       -0.001539 (VIOLATED)
   top_in_reg[3]            0.000000       0.001539       -0.001539 (VIOLATED)

   -----------------------------------------------------------------
   Total                      51              -0.078487 

   max_leakage_power

                             Required        Actual
   Design                   Leakage Power  Leakage Power     Slack
   -----------------------------------------------------------------
   int_pe                   0.000000       9525.852539    -9525.852539
                                                                    (VIOLATED)


1
