 
****************************************
Report : power
        -hier
        -analysis_effort low
Design : int_pe
Version: T-2022.03-SP2
Date   : Tue Dec 17 18:51:51 2024
****************************************


Library(s) Used:

    gscl45nm (File: /home/jjt/innovus_file/CODE/FreePDK45/osu_soc/lib/files/gscl45nm.db)


Operating Conditions: typical   Library: gscl45nm
Wire Load Model Mode: top


Global Operating Voltage = 1.1  
Power-specific unit information :
    Voltage Units = 1V
    Capacitance Units = 1.000000pf
    Time Units = 1ns
    Dynamic Power Units = 1mW    (derived from V,C,T units)
    Leakage Power Units = 1nW


--------------------------------------------------------------------------------
                                       Switch   Int      Leak     Total
Hierarchy                              Power    Power    Power    Power    %
--------------------------------------------------------------------------------
int_pe                                    0.113    1.003 8.59e+03    1.124 100.0
1
