Information: Propagating switching activity (low effort zero delay simulation). (PWR-6)
Warning: Design has unannotated primary inputs. (PWR-414)
 
****************************************
Report : power
        -analysis_effort low
Design : r29_int4
Version: T-2022.03-SP2
Date   : Tue Dec 17 14:52:11 2024
****************************************


Library(s) Used:

    gscl45nm (File: /home/jjt/innovus_file/CODE/FreePDK45/osu_soc/lib/files/gscl45nm.db)


Operating Conditions: typical   Library: gscl45nm
Wire Load Model Mode: top


Global Operating Voltage = 1.1  
Power-specific unit information :
    Voltage Units = 1V
    Capacitance Units = 1.000000pf
    Time Units = 1ns
    Dynamic Power Units = 1mW    (derived from V,C,T units)
    Leakage Power Units = 1nW


Attributes
----------
i - Including register clock pin internal power


  Cell Internal Power  = 165.8657 uW   (64%)
  Net Switching Power  =  93.9462 uW   (36%)
                         ---------
Total Dynamic Power    = 259.8119 uW  (100%)

Cell Leakage Power     =  78.5671 uW


                 Internal         Switching           Leakage            Total
Power Group      Power            Power               Power              Power   (   %    )  Attrs
--------------------------------------------------------------------------------------------------
io_pad             0.0000            0.0000            0.0000            0.0000  (   0.00%)
memory             0.0000            0.0000            0.0000            0.0000  (   0.00%)
black_box          0.0000            0.0000            0.0000            0.0000  (   0.00%)
clock_network  9.3735e-02            0.0000            0.0000            0.0000  (   0.00%)  i
register       9.9717e-03        3.4152e-04          868.9040            0.1049  (  31.01%)
sequential     2.0985e-02        4.3934e-04        5.0396e+04        7.1820e-02  (  21.22%)
combinational  4.1175e-02        9.3164e-02        2.7302e+04            0.1616  (  47.77%)
--------------------------------------------------------------------------------------------------
Total              0.1659 mW     9.3945e-02 mW     7.8567e+04 nW         0.3384 mW
1
